<?xml version="1.0" encoding="UTF-8"?>
<coverage generated="1684715108923" clover="3.2.0">
  <project timestamp="1684715108923" name="All files">
    <metrics statements="36" coveredstatements="36" conditionals="0" coveredconditionals="0" methods="9" coveredmethods="9" elements="45" coveredelements="45" complexity="0" loc="36" ncloc="36" packages="5" files="6" classes="6"/>
    <package name="dominio.calculadora.Hora">
      <metrics statements="6" coveredstatements="6" conditionals="0" coveredconditionals="0" methods="1" coveredmethods="1"/>
      <file name="valorHora.js" path="C:\Users\Mari\Desktop\Entrega-Desafio-Testes-Mariana-Inoue\src\dominio\calculadora\Hora\valorHora.js">
        <metrics statements="6" coveredstatements="6" conditionals="0" coveredconditionals="0" methods="1" coveredmethods="1"/>
        <line num="4" count="2" type="stmt"/>
        <line num="6" count="2" type="stmt"/>
        <line num="7" count="1" type="stmt"/>
        <line num="8" count="1" type="stmt"/>
        <line num="10" count="1" type="stmt"/>
        <line num="13" count="2" type="stmt"/>
      </file>
    </package>
    <package name="dominio.calculadora.Projeto">
      <metrics statements="10" coveredstatements="10" conditionals="0" coveredconditionals="0" methods="5" coveredmethods="5"/>
      <file name="horasPorProjeto.js" path="C:\Users\Mari\Desktop\Entrega-Desafio-Testes-Mariana-Inoue\src\dominio\calculadora\Projeto\horasPorProjeto.js">
        <metrics statements="6" coveredstatements="6" conditionals="0" coveredconditionals="0" methods="3" coveredmethods="3"/>
        <line num="1" count="2" type="stmt"/>
        <line num="3" count="2" type="stmt"/>
        <line num="4" count="4" type="stmt"/>
        <line num="5" count="25" type="stmt"/>
        <line num="6" count="25" type="stmt"/>
        <line num="9" count="2" type="stmt"/>
      </file>
      <file name="pacote.js" path="C:\Users\Mari\Desktop\Entrega-Desafio-Testes-Mariana-Inoue\src\dominio\calculadora\Projeto\pacote.js">
        <metrics statements="4" coveredstatements="4" conditionals="0" coveredconditionals="0" methods="2" coveredmethods="2"/>
        <line num="1" count="2" type="stmt"/>
        <line num="3" count="4" type="stmt"/>
        <line num="4" count="7" type="stmt"/>
        <line num="7" count="2" type="stmt"/>
      </file>
    </package>
    <package name="dominio.calculadora.constantes">
      <metrics statements="6" coveredstatements="6" conditionals="0" coveredconditionals="0" methods="0" coveredmethods="0"/>
      <file name="constantes.js" path="C:\Users\Mari\Desktop\Entrega-Desafio-Testes-Mariana-Inoue\src\dominio\calculadora\constantes\constantes.js">
        <metrics statements="6" coveredstatements="6" conditionals="0" coveredconditionals="0" methods="0" coveredmethods="0"/>
        <line num="1" count="4" type="stmt"/>
        <line num="2" count="4" type="stmt"/>
        <line num="4" count="4" type="stmt"/>
        <line num="10" count="4" type="stmt"/>
        <line num="16" count="4" type="stmt"/>
        <line num="27" count="4" type="stmt"/>
      </file>
    </package>
    <package name="entregasDesafio.Mariana_Inoue">
      <metrics statements="2" coveredstatements="2" conditionals="0" coveredconditionals="0" methods="1" coveredmethods="1"/>
      <file name="soma.js" path="C:\Users\Mari\Desktop\Entrega-Desafio-Testes-Mariana-Inoue\src\entregasDesafio\Mariana_Inoue\soma.js">
        <metrics statements="2" coveredstatements="2" conditionals="0" coveredconditionals="0" methods="1" coveredmethods="1"/>
        <line num="2" count="2" type="stmt"/>
        <line num="6" count="1" type="stmt"/>
      </file>
    </package>
    <package name="entregasDesafio.Mariana_Inoue.valorProjeto">
      <metrics statements="12" coveredstatements="12" conditionals="0" coveredconditionals="0" methods="2" coveredmethods="2"/>
      <file name="valorProjeto.js" path="C:\Users\Mari\Desktop\Entrega-Desafio-Testes-Mariana-Inoue\src\entregasDesafio\Mariana_Inoue\valorProjeto\valorProjeto.js">
        <metrics statements="12" coveredstatements="12" conditionals="0" coveredconditionals="0" methods="2" coveredmethods="2"/>
        <line num="1" count="1" type="stmt"/>
        <line num="2" count="1" type="stmt"/>
        <line num="3" count="1" type="stmt"/>
        <line num="5" count="1" type="stmt"/>
        <line num="6" count="3" type="stmt"/>
        <line num="9" count="1" type="stmt"/>
        <line num="11" count="1" type="stmt"/>
        <line num="12" count="2" type="stmt"/>
        <line num="14" count="2" type="stmt"/>
        <line num="16" count="2" type="stmt"/>
        <line num="18" count="2" type="stmt"/>
        <line num="21" count="1" type="stmt"/>
      </file>
    </package>
  </project>
</coverage>
