{"C:\\Users\\broberta\\IJS-OF03-21-05-23\\src\\dominio\\calculadora\\soma.js": {"path":"C:\\Users\\broberta\\IJS-OF03-21-05-23\\src\\dominio\\calculadora\\soma.js","statementMap":{"0":{"start":{"line":2,"column":2},"end":{"line":2,"column":15}},"1":{"start":{"line":5,"column":0},"end":{"line":5,"column":22}}},"fnMap":{"0":{"name":"soma","decl":{"start":{"line":1,"column":9},"end":{"line":1,"column":13}},"loc":{"start":{"line":1,"column":20},"end":{"line":3,"column":1}},"line":1}},"branchMap":{},"s":{"0":1,"1":1},"f":{"0":1},"b":{},"_coverageSchema":"1a1c01bbd47fc00a2c39e90264f33305004495a9","hash":"3f9de652ab78bcf67e00a825e97817294ecf7e26"}
,"C:\\Users\\broberta\\IJS-OF03-21-05-23\\src\\dominio\\calculadora\\Hora\\valorHora.js": {"path":"C:\\Users\\broberta\\IJS-OF03-21-05-23\\src\\dominio\\calculadora\\Hora\\valorHora.js","statementMap":{"0":{"start":{"line":4,"column":4},"end":{"line":4,"column":39}},"1":{"start":{"line":6,"column":29},"end":{"line":11,"column":1}},"2":{"start":{"line":7,"column":33},"end":{"line":7,"column":66}},"3":{"start":{"line":8,"column":23},"end":{"line":8,"column":59}},"4":{"start":{"line":10,"column":2},"end":{"line":10,"column":33}},"5":{"start":{"line":13,"column":0},"end":{"line":13,"column":52}}},"fnMap":{"0":{"name":"(anonymous_0)","decl":{"start":{"line":6,"column":29},"end":{"line":6,"column":30}},"loc":{"start":{"line":6,"column":46},"end":{"line":11,"column":1}},"line":6}},"branchMap":{},"s":{"0":1,"1":1,"2":2,"3":2,"4":2,"5":1},"f":{"0":2},"b":{},"_coverageSchema":"1a1c01bbd47fc00a2c39e90264f33305004495a9","hash":"2251b82ab802f9543cb4b491ce2304facf61f9d8"}
,"C:\\Users\\broberta\\IJS-OF03-21-05-23\\src\\dominio\\calculadora\\Projeto\\horasPorProjeto.js": {"path":"C:\\Users\\broberta\\IJS-OF03-21-05-23\\src\\dominio\\calculadora\\Projeto\\horasPorProjeto.js","statementMap":{"0":{"start":{"line":1,"column":37},"end":{"line":1,"column":72}},"1":{"start":{"line":3,"column":31},"end":{"line":7,"column":1}},"2":{"start":{"line":4,"column":2},"end":{"line":6,"column":57}},"3":{"start":{"line":5,"column":17},"end":{"line":5,"column":47}},"4":{"start":{"line":6,"column":35},"end":{"line":6,"column":53}},"5":{"start":{"line":9,"column":0},"end":{"line":9,"column":56}}},"fnMap":{"0":{"name":"(anonymous_0)","decl":{"start":{"line":3,"column":31},"end":{"line":3,"column":32}},"loc":{"start":{"line":4,"column":2},"end":{"line":6,"column":57}},"line":4},"1":{"name":"(anonymous_1)","decl":{"start":{"line":5,"column":9},"end":{"line":5,"column":10}},"loc":{"start":{"line":5,"column":17},"end":{"line":5,"column":47}},"line":5},"2":{"name":"(anonymous_2)","decl":{"start":{"line":6,"column":12},"end":{"line":6,"column":13}},"loc":{"start":{"line":6,"column":35},"end":{"line":6,"column":53}},"line":6}},"branchMap":{},"s":{"0":2,"1":2,"2":6,"3":30,"4":30,"5":2},"f":{"0":6,"1":30,"2":30},"b":{},"_coverageSchema":"1a1c01bbd47fc00a2c39e90264f33305004495a9","hash":"6aa54ddee0ed0ae72a291f9460b301d4ed103d9c"}
,"C:\\Users\\broberta\\IJS-OF03-21-05-23\\src\\dominio\\calculadora\\Projeto\\pacote.js": {"path":"C:\\Users\\broberta\\IJS-OF03-21-05-23\\src\\dominio\\calculadora\\Projeto\\pacote.js","statementMap":{"0":{"start":{"line":1,"column":33},"end":{"line":1,"column":68}},"1":{"start":{"line":3,"column":23},"end":{"line":6,"column":6}},"2":{"start":{"line":4,"column":2},"end":{"line":6,"column":6}},"3":{"start":{"line":5,"column":22},"end":{"line":5,"column":53}},"4":{"start":{"line":8,"column":0},"end":{"line":8,"column":40}}},"fnMap":{"0":{"name":"(anonymous_0)","decl":{"start":{"line":3,"column":23},"end":{"line":3,"column":24}},"loc":{"start":{"line":4,"column":2},"end":{"line":6,"column":6}},"line":4},"1":{"name":"(anonymous_1)","decl":{"start":{"line":5,"column":4},"end":{"line":5,"column":5}},"loc":{"start":{"line":5,"column":22},"end":{"line":5,"column":53}},"line":5}},"branchMap":{},"s":{"0":2,"1":2,"2":3,"3":5,"4":2},"f":{"0":3,"1":5},"b":{},"_coverageSchema":"1a1c01bbd47fc00a2c39e90264f33305004495a9","hash":"85dfcab98b68636bb93cc166f7d4b0a382bab57f"}
,"C:\\Users\\broberta\\IJS-OF03-21-05-23\\src\\dominio\\calculadora\\Projeto\\valorProjeto.js": {"path":"C:\\Users\\broberta\\IJS-OF03-21-05-23\\src\\dominio\\calculadora\\Projeto\\valorProjeto.js","statementMap":{"0":{"start":{"line":1,"column":41},"end":{"line":1,"column":76}},"1":{"start":{"line":2,"column":35},"end":{"line":2,"column":63}},"2":{"start":{"line":3,"column":27},"end":{"line":3,"column":46}},"3":{"start":{"line":5,"column":33},"end":{"line":7,"column":1}},"4":{"start":{"line":6,"column":2},"end":{"line":6,"column":44}},"5":{"start":{"line":9,"column":34},"end":{"line":17,"column":1}},"6":{"start":{"line":10,"column":33},"end":{"line":10,"column":72}},"7":{"start":{"line":12,"column":17},"end":{"line":12,"column":55}},"8":{"start":{"line":14,"column":20},"end":{"line":14,"column":79}},"9":{"start":{"line":16,"column":2},"end":{"line":16,"column":70}},"10":{"start":{"line":19,"column":0},"end":{"line":19,"column":62}}},"fnMap":{"0":{"name":"(anonymous_0)","decl":{"start":{"line":5,"column":33},"end":{"line":5,"column":34}},"loc":{"start":{"line":5,"column":72},"end":{"line":7,"column":1}},"line":5},"1":{"name":"(anonymous_1)","decl":{"start":{"line":9,"column":34},"end":{"line":9,"column":35}},"loc":{"start":{"line":9,"column":66},"end":{"line":17,"column":1}},"line":9}},"branchMap":{},"s":{"0":1,"1":1,"2":1,"3":1,"4":3,"5":1,"6":3,"7":3,"8":3,"9":3,"10":1},"f":{"0":3,"1":3},"b":{},"_coverageSchema":"1a1c01bbd47fc00a2c39e90264f33305004495a9","hash":"4f8dfcb1708d3bdab1996dd30eeafaf7c4f0780f"}
,"C:\\Users\\broberta\\IJS-OF03-21-05-23\\src\\dominio\\calculadora\\constantes\\constantes.js": {"path":"C:\\Users\\broberta\\IJS-OF03-21-05-23\\src\\dominio\\calculadora\\constantes\\constantes.js","statementMap":{"0":{"start":{"line":1,"column":26},"end":{"line":1,"column":28}},"1":{"start":{"line":2,"column":22},"end":{"line":2,"column":23}},"2":{"start":{"line":4,"column":29},"end":{"line":8,"column":1}},"3":{"start":{"line":10,"column":37},"end":{"line":14,"column":1}},"4":{"start":{"line":16,"column":33},"end":{"line":25,"column":1}},"5":{"start":{"line":27,"column":0},"end":{"line":33,"column":1}}},"fnMap":{},"branchMap":{},"s":{"0":5,"1":5,"2":5,"3":5,"4":5,"5":5},"f":{},"b":{},"_coverageSchema":"1a1c01bbd47fc00a2c39e90264f33305004495a9","hash":"b20be546842932aff6864a4d269b15fb4705815a"}
}
