{"C:\\Users\\Mari\\Desktop\\Entrega-Desafio-Testes-Mariana-Inoue\\src\\dominio\\calculadora\\Hora\\valorHora.js": {"path":"C:\\Users\\Mari\\Desktop\\Entrega-Desafio-Testes-Mariana-Inoue\\src\\dominio\\calculadora\\Hora\\valorHora.js","statementMap":{"0":{"start":{"line":4,"column":4},"end":{"line":4,"column":39}},"1":{"start":{"line":6,"column":29},"end":{"line":11,"column":1}},"2":{"start":{"line":7,"column":34},"end":{"line":7,"column":67}},"3":{"start":{"line":8,"column":23},"end":{"line":8,"column":59}},"4":{"start":{"line":10,"column":2},"end":{"line":10,"column":33}},"5":{"start":{"line":13,"column":0},"end":{"line":13,"column":52}}},"fnMap":{"0":{"name":"(anonymous_0)","decl":{"start":{"line":6,"column":29},"end":{"line":6,"column":30}},"loc":{"start":{"line":6,"column":46},"end":{"line":11,"column":1}},"line":6}},"branchMap":{},"s":{"0":2,"1":2,"2":1,"3":1,"4":1,"5":2},"f":{"0":1},"b":{},"_coverageSchema":"1a1c01bbd47fc00a2c39e90264f33305004495a9","hash":"7194b624701da87c3d62064dbed3acb747746cba"}
,"C:\\Users\\Mari\\Desktop\\Entrega-Desafio-Testes-Mariana-Inoue\\src\\dominio\\calculadora\\Projeto\\horasPorProjeto.js": {"path":"C:\\Users\\Mari\\Desktop\\Entrega-Desafio-Testes-Mariana-Inoue\\src\\dominio\\calculadora\\Projeto\\horasPorProjeto.js","statementMap":{"0":{"start":{"line":1,"column":37},"end":{"line":1,"column":72}},"1":{"start":{"line":3,"column":31},"end":{"line":7,"column":1}},"2":{"start":{"line":4,"column":2},"end":{"line":6,"column":57}},"3":{"start":{"line":5,"column":17},"end":{"line":5,"column":47}},"4":{"start":{"line":6,"column":35},"end":{"line":6,"column":53}},"5":{"start":{"line":9,"column":0},"end":{"line":9,"column":56}}},"fnMap":{"0":{"name":"(anonymous_0)","decl":{"start":{"line":3,"column":31},"end":{"line":3,"column":32}},"loc":{"start":{"line":4,"column":2},"end":{"line":6,"column":57}},"line":4},"1":{"name":"(anonymous_1)","decl":{"start":{"line":5,"column":9},"end":{"line":5,"column":10}},"loc":{"start":{"line":5,"column":17},"end":{"line":5,"column":47}},"line":5},"2":{"name":"(anonymous_2)","decl":{"start":{"line":6,"column":12},"end":{"line":6,"column":13}},"loc":{"start":{"line":6,"column":35},"end":{"line":6,"column":53}},"line":6}},"branchMap":{},"s":{"0":2,"1":2,"2":4,"3":25,"4":25,"5":2},"f":{"0":4,"1":25,"2":25},"b":{},"_coverageSchema":"1a1c01bbd47fc00a2c39e90264f33305004495a9","hash":"f86c3c2a75f3d28cc5b6dc7f4d78bde5b18afd2b"}
,"C:\\Users\\Mari\\Desktop\\Entrega-Desafio-Testes-Mariana-Inoue\\src\\dominio\\calculadora\\Projeto\\pacote.js": {"path":"C:\\Users\\Mari\\Desktop\\Entrega-Desafio-Testes-Mariana-Inoue\\src\\dominio\\calculadora\\Projeto\\pacote.js","statementMap":{"0":{"start":{"line":1,"column":33},"end":{"line":1,"column":68}},"1":{"start":{"line":3,"column":23},"end":{"line":5,"column":4}},"2":{"start":{"line":3,"column":51},"end":{"line":5,"column":4}},"3":{"start":{"line":4,"column":26},"end":{"line":4,"column":56}},"4":{"start":{"line":7,"column":0},"end":{"line":7,"column":40}}},"fnMap":{"0":{"name":"(anonymous_0)","decl":{"start":{"line":3,"column":23},"end":{"line":3,"column":24}},"loc":{"start":{"line":3,"column":51},"end":{"line":5,"column":4}},"line":3},"1":{"name":"(anonymous_1)","decl":{"start":{"line":4,"column":8},"end":{"line":4,"column":9}},"loc":{"start":{"line":4,"column":26},"end":{"line":4,"column":56}},"line":4}},"branchMap":{},"s":{"0":2,"1":2,"2":4,"3":7,"4":2},"f":{"0":4,"1":7},"b":{},"_coverageSchema":"1a1c01bbd47fc00a2c39e90264f33305004495a9","hash":"8534db257df978843001e56f889f8a08d20da46a"}
,"C:\\Users\\Mari\\Desktop\\Entrega-Desafio-Testes-Mariana-Inoue\\src\\dominio\\calculadora\\constantes\\constantes.js": {"path":"C:\\Users\\Mari\\Desktop\\Entrega-Desafio-Testes-Mariana-Inoue\\src\\dominio\\calculadora\\constantes\\constantes.js","statementMap":{"0":{"start":{"line":1,"column":26},"end":{"line":1,"column":28}},"1":{"start":{"line":2,"column":22},"end":{"line":2,"column":23}},"2":{"start":{"line":4,"column":29},"end":{"line":8,"column":1}},"3":{"start":{"line":10,"column":37},"end":{"line":14,"column":1}},"4":{"start":{"line":16,"column":33},"end":{"line":25,"column":1}},"5":{"start":{"line":27,"column":0},"end":{"line":33,"column":1}}},"fnMap":{},"branchMap":{},"s":{"0":4,"1":4,"2":4,"3":4,"4":4,"5":4},"f":{},"b":{},"_coverageSchema":"1a1c01bbd47fc00a2c39e90264f33305004495a9","hash":"7c609c4fa26a0034772043185624bb12ed96c4da"}
,"C:\\Users\\Mari\\Desktop\\Entrega-Desafio-Testes-Mariana-Inoue\\src\\entregasDesafio\\Mariana_Inoue\\soma.js": {"path":"C:\\Users\\Mari\\Desktop\\Entrega-Desafio-Testes-Mariana-Inoue\\src\\entregasDesafio\\Mariana_Inoue\\soma.js","statementMap":{"0":{"start":{"line":2,"column":4},"end":{"line":2,"column":17}},"1":{"start":{"line":6,"column":2},"end":{"line":6,"column":23}}},"fnMap":{"0":{"name":"sum","decl":{"start":{"line":1,"column":9},"end":{"line":1,"column":12}},"loc":{"start":{"line":1,"column":19},"end":{"line":3,"column":3}},"line":1}},"branchMap":{},"s":{"0":2,"1":1},"f":{"0":2},"b":{},"_coverageSchema":"1a1c01bbd47fc00a2c39e90264f33305004495a9","hash":"58f22a6d9aa9ab8a6f625c6fadc619c59e24bdf7"}
,"C:\\Users\\Mari\\Desktop\\Entrega-Desafio-Testes-Mariana-Inoue\\src\\entregasDesafio\\Mariana_Inoue\\valorProjeto\\valorProjeto.js": {"path":"C:\\Users\\Mari\\Desktop\\Entrega-Desafio-Testes-Mariana-Inoue\\src\\entregasDesafio\\Mariana_Inoue\\valorProjeto\\valorProjeto.js","statementMap":{"0":{"start":{"line":1,"column":41},"end":{"line":1,"column":102}},"1":{"start":{"line":2,"column":35},"end":{"line":2,"column":98}},"2":{"start":{"line":3,"column":27},"end":{"line":3,"column":81}},"3":{"start":{"line":5,"column":33},"end":{"line":7,"column":1}},"4":{"start":{"line":6,"column":2},"end":{"line":6,"column":44}},"5":{"start":{"line":9,"column":0},"end":{"line":9,"column":60}},"6":{"start":{"line":11,"column":34},"end":{"line":19,"column":1}},"7":{"start":{"line":12,"column":33},"end":{"line":12,"column":72}},"8":{"start":{"line":14,"column":17},"end":{"line":14,"column":55}},"9":{"start":{"line":16,"column":20},"end":{"line":16,"column":79}},"10":{"start":{"line":18,"column":2},"end":{"line":18,"column":70}},"11":{"start":{"line":21,"column":0},"end":{"line":21,"column":62}}},"fnMap":{"0":{"name":"(anonymous_0)","decl":{"start":{"line":5,"column":33},"end":{"line":5,"column":34}},"loc":{"start":{"line":5,"column":72},"end":{"line":7,"column":1}},"line":5},"1":{"name":"(anonymous_1)","decl":{"start":{"line":11,"column":34},"end":{"line":11,"column":35}},"loc":{"start":{"line":11,"column":66},"end":{"line":19,"column":1}},"line":11}},"branchMap":{},"s":{"0":1,"1":1,"2":1,"3":1,"4":3,"5":1,"6":1,"7":2,"8":2,"9":2,"10":2,"11":1},"f":{"0":3,"1":2},"b":{},"_coverageSchema":"1a1c01bbd47fc00a2c39e90264f33305004495a9","hash":"34c112bea041d09ec7621ccccc2d6c3d8813b1d9"}
}
