TN:
SF:src\dominio\calculadora\Hora\valorHora.js
FN:6,(anonymous_0)
FNF:1
FNH:1
FNDA:1,(anonymous_0)
DA:4,2
DA:6,2
DA:7,1
DA:8,1
DA:10,1
DA:13,2
LF:6
LH:6
BRF:0
BRH:0
end_of_record
TN:
SF:src\dominio\calculadora\Projeto\horasPorProjeto.js
FN:3,(anonymous_0)
FN:5,(anonymous_1)
FN:6,(anonymous_2)
FNF:3
FNH:3
FNDA:4,(anonymous_0)
FNDA:25,(anonymous_1)
FNDA:25,(anonymous_2)
DA:1,2
DA:3,2
DA:4,4
DA:5,25
DA:6,25
DA:9,2
LF:6
LH:6
BRF:0
BRH:0
end_of_record
TN:
SF:src\dominio\calculadora\Projeto\pacote.js
FN:3,(anonymous_0)
FN:4,(anonymous_1)
FNF:2
FNH:2
FNDA:4,(anonymous_0)
FNDA:7,(anonymous_1)
DA:1,2
DA:3,4
DA:4,7
DA:7,2
LF:4
LH:4
BRF:0
BRH:0
end_of_record
TN:
SF:src\dominio\calculadora\constantes\constantes.js
FNF:0
FNH:0
DA:1,4
DA:2,4
DA:4,4
DA:10,4
DA:16,4
DA:27,4
LF:6
LH:6
BRF:0
BRH:0
end_of_record
TN:
SF:src\entregasDesafio\Mariana_Inoue\soma.js
FN:1,sum
FNF:1
FNH:1
FNDA:2,sum
DA:2,2
DA:6,1
LF:2
LH:2
BRF:0
BRH:0
end_of_record
TN:
SF:src\entregasDesafio\Mariana_Inoue\valorProjeto\valorProjeto.js
FN:5,(anonymous_0)
FN:11,(anonymous_1)
FNF:2
FNH:2
FNDA:3,(anonymous_0)
FNDA:2,(anonymous_1)
DA:1,1
DA:2,1
DA:3,1
DA:5,1
DA:6,3
DA:9,1
DA:11,1
DA:12,2
DA:14,2
DA:16,2
DA:18,2
DA:21,1
LF:12
LH:12
BRF:0
BRH:0
end_of_record
